2022-04-10 18:08:31,250 INFO o.s.b.SpringApplication [main] No active profile set, falling back to 1 default profile: "default"
2022-04-10 18:08:33,412 INFO o.s.d.r.c.RepositoryConfigurationDelegate [main] Bootstrapping Spring Data MongoDB repositories in DEFAULT mode.
2022-04-10 18:08:33,834 INFO o.s.d.r.c.RepositoryConfigurationDelegate [main] Finished Spring Data repository scanning in 405 ms. Found 1 MongoDB repository interfaces.
2022-04-10 18:08:34,475 INFO o.s.c.c.s.GenericScope [main] BeanFactory id=b7d0a8ed-4a16-3962-bfce-6a0fd2d9c0e0
2022-04-10 18:08:35,522 INFO c.m.d.l.SLF4JLogger [main] Cluster created with settings {hosts=[localhost:27017], mode=SINGLE, requiredClusterType=UNKNOWN, serverSelectionTimeout='30000 ms'}
2022-04-10 18:08:35,725 INFO c.m.d.l.SLF4JLogger [cluster-ClusterId{value='62530103196c2727ec55cf8d', description='null'}-localhost:27017] Opened connection [connectionId{localValue:2, serverValue:4}] to localhost:27017
2022-04-10 18:08:35,725 INFO c.m.d.l.SLF4JLogger [cluster-rtt-ClusterId{value='62530103196c2727ec55cf8d', description='null'}-localhost:27017] Opened connection [connectionId{localValue:1, serverValue:5}] to localhost:27017
2022-04-10 18:08:35,725 INFO c.m.d.l.SLF4JLogger [cluster-ClusterId{value='62530103196c2727ec55cf8d', description='null'}-localhost:27017] Monitor thread successfully connected to server with description ServerDescription{address=localhost:27017, type=STANDALONE, state=CONNECTED, ok=true, minWireVersion=0, maxWireVersion=13, maxDocumentSize=16777216, logicalSessionTimeoutMinutes=30, roundTripTimeNanos=54889300}
2022-04-10 18:08:35,893 WARN o.s.d.c.CustomConversions [main] Registering converter from class java.time.LocalDateTime to class org.joda.time.LocalDateTime as reading converter although it doesn't convert from a store-supported type! You might want to check your annotation setup at the converter implementation.
2022-04-10 18:08:36,409 WARN o.s.d.c.CustomConversions [main] Registering converter from class java.time.LocalDateTime to class org.joda.time.LocalDateTime as reading converter although it doesn't convert from a store-supported type! You might want to check your annotation setup at the converter implementation.
2022-04-10 18:08:38,222 WARN o.s.s.c.a.w.b.WebSecurity [main] You are asking Spring Security to ignore Ant [pattern='/v3/**']. This is not recommended -- please use permitAll via HttpSecurity#authorizeHttpRequests instead.
2022-04-10 18:08:38,222 INFO o.s.s.w.DefaultSecurityFilterChain [main] Will secure Ant [pattern='/v3/**'] with []
2022-04-10 18:08:38,222 WARN o.s.s.c.a.w.b.WebSecurity [main] You are asking Spring Security to ignore Ant [pattern='/api-docs.yaml']. This is not recommended -- please use permitAll via HttpSecurity#authorizeHttpRequests instead.
2022-04-10 18:08:38,222 INFO o.s.s.w.DefaultSecurityFilterChain [main] Will secure Ant [pattern='/api-docs.yaml'] with []
2022-04-10 18:08:38,222 WARN o.s.s.c.a.w.b.WebSecurity [main] You are asking Spring Security to ignore Ant [pattern='/swagger-ui/**']. This is not recommended -- please use permitAll via HttpSecurity#authorizeHttpRequests instead.
2022-04-10 18:08:38,222 INFO o.s.s.w.DefaultSecurityFilterChain [main] Will secure Ant [pattern='/swagger-ui/**'] with []
2022-04-10 18:08:38,488 INFO o.s.s.w.DefaultSecurityFilterChain [main] Will not secure any request
2022-04-10 18:08:41,122 WARN o.s.b.a.t.ThymeleafAutoConfiguration$DefaultTemplateResolverConfiguration [main] Cannot find template location: classpath:/templates/ (please add some templates or check your Thymeleaf configuration)
2022-04-10 18:08:43,327 INFO o.s.c.c.u.InetUtils [main] Cannot determine local hostname
2022-04-10 18:08:46,109 INFO o.s.c.c.u.InetUtils [main] Cannot determine local hostname
2022-04-10 18:08:46,125 INFO o.s.c.n.e.c.DiscoveryClientOptionalArgsConfiguration [main] Eureka HTTP Client uses RestTemplate.
2022-04-10 18:08:46,375 WARN o.s.c.l.c.LoadBalancerCacheAutoConfiguration$LoadBalancerCaffeineWarnLogger [main] Spring Cloud LoadBalancer is currently working with the default cache. While this cache implementation is useful for development and tests, it's recommended to use Caffeine cache in production.You can switch to using Caffeine cache, by adding it and org.springframework.cache.caffeine.CaffeineCacheManager to the classpath.
2022-04-10 18:08:46,406 INFO o.s.b.a.e.w.EndpointLinksResolver [main] Exposing 18 endpoint(s) beneath base path '/actuator'
2022-04-10 18:08:46,563 INFO o.s.c.n.e.InstanceInfoFactory [main] Setting initial instance status as: STARTING
2022-04-10 18:08:46,688 INFO c.n.d.DiscoveryClient [main] Initializing Eureka in region us-east-1
2022-04-10 18:08:46,688 INFO c.n.d.s.r.a.ConfigClusterResolver [main] Resolving eureka endpoints via configuration
2022-04-10 18:08:46,813 INFO c.n.d.DiscoveryClient [main] Disable delta property : false
2022-04-10 18:08:46,813 INFO c.n.d.DiscoveryClient [main] Single vip registry refresh property : null
2022-04-10 18:08:46,813 INFO c.n.d.DiscoveryClient [main] Force full registry fetch : false
2022-04-10 18:08:46,813 INFO c.n.d.DiscoveryClient [main] Application is null : false
2022-04-10 18:08:46,813 INFO c.n.d.DiscoveryClient [main] Registered Applications size is zero : true
2022-04-10 18:08:46,813 INFO c.n.d.DiscoveryClient [main] Application version is -1: true
2022-04-10 18:08:46,813 INFO c.n.d.DiscoveryClient [main] Getting all instance registry info from the eureka server
2022-04-10 18:08:47,704 INFO c.n.d.DiscoveryClient [main] The response status is 200
2022-04-10 18:08:47,719 INFO c.n.d.DiscoveryClient [main] Starting heartbeat executor: renew interval is: 30
2022-04-10 18:08:47,719 INFO c.n.d.InstanceInfoReplicator [main] InstanceInfoReplicator onDemand update allowed rate per min is 4
2022-04-10 18:08:47,735 INFO c.n.d.DiscoveryClient [main] Discovery Client initialized at timestamp 1649606927735 with initial instances count: 0
2022-04-10 18:08:47,766 INFO o.s.c.n.e.s.EurekaServiceRegistry [main] Registering application LIBRARY-MANAGEMENT-SYSTEM with eureka with status UP
2022-04-10 18:08:47,766 INFO c.n.d.DiscoveryClient$3 [main] Saw local status change event StatusChangeEvent [timestamp=1649606927766, current=UP, previous=STARTING]
2022-04-10 18:08:47,829 INFO c.n.d.DiscoveryClient [DiscoveryClient-InstanceInfoReplicator-0] DiscoveryClient_LIBRARY-MANAGEMENT-SYSTEM/localhost:library-management-system:8080: registering service...
2022-04-10 18:08:47,907 INFO o.s.b.StartupInfoLogger [main] Started LibraryManagementSystemApplicationTests in 20.171 seconds (JVM running for 21.951)
2022-04-10 18:08:48,088 INFO c.n.d.DiscoveryClient [DiscoveryClient-InstanceInfoReplicator-0] DiscoveryClient_LIBRARY-MANAGEMENT-SYSTEM/localhost:library-management-system:8080 - registration status: 204
2022-04-10 18:08:48,341 INFO c.m.d.l.SLF4JLogger [main] Opened connection [connectionId{localValue:3, serverValue:6}] to localhost:27017
2022-04-10 18:08:49,658 INFO o.s.c.n.e.s.EurekaServiceRegistry [SpringApplicationShutdownHook] Unregistering application LIBRARY-MANAGEMENT-SYSTEM with eureka with status DOWN
2022-04-10 18:08:49,658 INFO c.n.d.DiscoveryClient$3 [SpringApplicationShutdownHook] Saw local status change event StatusChangeEvent [timestamp=1649606929658, current=DOWN, previous=UP]
2022-04-10 18:08:49,658 INFO c.n.d.DiscoveryClient [DiscoveryClient-InstanceInfoReplicator-0] DiscoveryClient_LIBRARY-MANAGEMENT-SYSTEM/localhost:library-management-system:8080: registering service...
2022-04-10 18:08:49,684 INFO c.n.d.DiscoveryClient [DiscoveryClient-InstanceInfoReplicator-0] DiscoveryClient_LIBRARY-MANAGEMENT-SYSTEM/localhost:library-management-system:8080 - registration status: 204
2022-04-10 18:08:49,747 INFO c.n.d.DiscoveryClient [SpringApplicationShutdownHook] Shutting down DiscoveryClient ...
2022-04-10 18:08:52,759 INFO c.n.d.DiscoveryClient [SpringApplicationShutdownHook] Unregistering ...
2022-04-10 18:08:52,759 INFO c.n.d.DiscoveryClient [SpringApplicationShutdownHook] DiscoveryClient_LIBRARY-MANAGEMENT-SYSTEM/localhost:library-management-system:8080 - deregister  status: 200
2022-04-10 18:08:52,774 INFO c.n.d.DiscoveryClient [SpringApplicationShutdownHook] Completed shut down of DiscoveryClient
